<?xml version="1.0" encoding="UTF-8"?>
<testng-results skipped="0" failed="0" ignored="0" total="1" passed="1">
  <reporter-output>
  </reporter-output>
  <suite name="Epiesa Parallel TestCase" duration-ms="19642" started-at="2018-09-06T20:15:51Z" finished-at="2018-09-06T20:16:10Z">
    <groups>
    </groups>
    <test name="InspectionPartsOrder [1]" duration-ms="19642" started-at="2018-09-06T20:15:51Z" finished-at="2018-09-06T20:16:10Z">
      <class name="prvt.gabbster.RevisionTest">
        <test-method status="PASS" signature="OrderRevisionParts(java.lang.String, java.lang.String, java.lang.String)[pri:0, instance:prvt.gabbster.RevisionTest@5c7fa833]" name="OrderRevisionParts" duration-ms="19620" started-at="2018-09-06T20:15:51Z" finished-at="2018-09-06T20:16:10Z">
          <params>
            <param index="0">
              <value>
                <![CDATA[0725560116]]>
              </value>
            </param>
            <param index="1">
              <value>
                <![CDATA[firefox]]>
              </value>
            </param>
            <param index="2">
              <value>
                <![CDATA[Honda]]>
              </value>
            </param>
          </params>
          <reporter-output>
          </reporter-output>
        </test-method> <!-- OrderRevisionParts -->
      </class> <!-- prvt.gabbster.RevisionTest -->
    </test> <!-- InspectionPartsOrder [1] -->
  </suite> <!-- Epiesa Parallel TestCase -->
</testng-results>
